{"/Users/vivek/Documents/git/end-to-end-testing-with-jest-2883169/app.js": {"path":"/Users/vivek/Documents/git/end-to-end-testing-with-jest-2883169/app.js","statementMap":{"0":{"start":{"line":1,"column":16},"end":{"line":1,"column":34}},"1":{"start":{"line":2,"column":12},"end":{"line":2,"column":21}},"2":{"start":{"line":4,"column":0},"end":{"line":4,"column":24}},"3":{"start":{"line":7,"column":15},"end":{"line":7,"column":34}},"4":{"start":{"line":8,"column":0},"end":{"line":8,"column":21}},"5":{"start":{"line":10,"column":0},"end":{"line":10,"column":21}}},"fnMap":{},"branchMap":{},"s":{"0":1,"1":1,"2":1,"3":1,"4":1,"5":1},"f":{},"b":{},"_coverageSchema":"1a1c01bbd47fc00a2c39e90264f33305004495a9","hash":"a2bd0aa30e5a1c43e3b0a738185f8e23cdd4a4fc"}
,"/Users/vivek/Documents/git/end-to-end-testing-with-jest-2883169/controllers/RecipesController.js": {"path":"/Users/vivek/Documents/git/end-to-end-testing-with-jest-2883169/controllers/RecipesController.js","statementMap":{"0":{"start":{"line":1,"column":16},"end":{"line":1,"column":55}},"1":{"start":{"line":3,"column":26},"end":{"line":173,"column":1}},"2":{"start":{"line":6,"column":4},"end":{"line":18,"column":5}},"3":{"start":{"line":7,"column":22},"end":{"line":7,"column":48}},"4":{"start":{"line":9,"column":6},"end":{"line":12,"column":9}},"5":{"start":{"line":14,"column":6},"end":{"line":17,"column":9}},"6":{"start":{"line":23,"column":4},"end":{"line":23,"column":25}},"7":{"start":{"line":24,"column":4},"end":{"line":71,"column":5}},"8":{"start":{"line":28,"column":10},"end":{"line":28,"column":18}},"9":{"start":{"line":31,"column":6},"end":{"line":36,"column":7}},"10":{"start":{"line":32,"column":8},"end":{"line":35,"column":11}},"11":{"start":{"line":38,"column":6},"end":{"line":43,"column":7}},"12":{"start":{"line":39,"column":8},"end":{"line":42,"column":11}},"13":{"start":{"line":46,"column":6},"end":{"line":51,"column":7}},"14":{"start":{"line":47,"column":8},"end":{"line":50,"column":11}},"15":{"start":{"line":53,"column":28},"end":{"line":57,"column":7}},"16":{"start":{"line":60,"column":22},"end":{"line":60,"column":62}},"17":{"start":{"line":62,"column":6},"end":{"line":65,"column":9}},"18":{"start":{"line":67,"column":6},"end":{"line":70,"column":9}},"19":{"start":{"line":76,"column":4},"end":{"line":97,"column":5}},"20":{"start":{"line":77,"column":21},"end":{"line":77,"column":31}},"21":{"start":{"line":80,"column":22},"end":{"line":80,"column":49}},"22":{"start":{"line":81,"column":6},"end":{"line":86,"column":7}},"23":{"start":{"line":82,"column":8},"end":{"line":85,"column":11}},"24":{"start":{"line":88,"column":6},"end":{"line":91,"column":9}},"25":{"start":{"line":93,"column":6},"end":{"line":96,"column":9}},"26":{"start":{"line":102,"column":4},"end":{"line":102,"column":26}},"27":{"start":{"line":103,"column":4},"end":{"line":150,"column":5}},"28":{"start":{"line":105,"column":6},"end":{"line":110,"column":7}},"29":{"start":{"line":106,"column":8},"end":{"line":109,"column":11}},"30":{"start":{"line":113,"column":6},"end":{"line":118,"column":7}},"31":{"start":{"line":114,"column":8},"end":{"line":117,"column":11}},"32":{"start":{"line":120,"column":6},"end":{"line":125,"column":7}},"33":{"start":{"line":121,"column":8},"end":{"line":124,"column":11}},"34":{"start":{"line":127,"column":21},"end":{"line":127,"column":31}},"35":{"start":{"line":130,"column":26},"end":{"line":130,"column":53}},"36":{"start":{"line":131,"column":6},"end":{"line":136,"column":7}},"37":{"start":{"line":132,"column":8},"end":{"line":135,"column":11}},"38":{"start":{"line":138,"column":28},"end":{"line":138,"column":36}},"39":{"start":{"line":140,"column":22},"end":{"line":140,"column":73}},"40":{"start":{"line":141,"column":6},"end":{"line":144,"column":9}},"41":{"start":{"line":146,"column":6},"end":{"line":149,"column":9}},"42":{"start":{"line":155,"column":4},"end":{"line":171,"column":5}},"43":{"start":{"line":157,"column":21},"end":{"line":157,"column":31}},"44":{"start":{"line":160,"column":6},"end":{"line":160,"column":43}},"45":{"start":{"line":162,"column":6},"end":{"line":165,"column":9}},"46":{"start":{"line":167,"column":6},"end":{"line":170,"column":9}},"47":{"start":{"line":175,"column":0},"end":{"line":175,"column":35}}},"fnMap":{"0":{"name":"(anonymous_0)","decl":{"start":{"line":5,"column":10},"end":{"line":5,"column":11}},"loc":{"start":{"line":5,"column":30},"end":{"line":19,"column":3}},"line":5},"1":{"name":"(anonymous_1)","decl":{"start":{"line":22,"column":10},"end":{"line":22,"column":11}},"loc":{"start":{"line":22,"column":30},"end":{"line":72,"column":3}},"line":22},"2":{"name":"(anonymous_2)","decl":{"start":{"line":75,"column":10},"end":{"line":75,"column":11}},"loc":{"start":{"line":75,"column":30},"end":{"line":98,"column":3}},"line":75},"3":{"name":"(anonymous_3)","decl":{"start":{"line":101,"column":10},"end":{"line":101,"column":11}},"loc":{"start":{"line":101,"column":30},"end":{"line":151,"column":3}},"line":101},"4":{"name":"(anonymous_4)","decl":{"start":{"line":154,"column":10},"end":{"line":154,"column":11}},"loc":{"start":{"line":154,"column":30},"end":{"line":172,"column":3}},"line":154}},"branchMap":{"0":{"loc":{"start":{"line":31,"column":6},"end":{"line":36,"column":7}},"type":"if","locations":[{"start":{"line":31,"column":6},"end":{"line":36,"column":7}},{"start":{},"end":{}}],"line":31},"1":{"loc":{"start":{"line":38,"column":6},"end":{"line":43,"column":7}},"type":"if","locations":[{"start":{"line":38,"column":6},"end":{"line":43,"column":7}},{"start":{},"end":{}}],"line":38},"2":{"loc":{"start":{"line":46,"column":6},"end":{"line":51,"column":7}},"type":"if","locations":[{"start":{"line":46,"column":6},"end":{"line":51,"column":7}},{"start":{},"end":{}}],"line":46},"3":{"loc":{"start":{"line":46,"column":10},"end":{"line":46,"column":83}},"type":"binary-expr","locations":[{"start":{"line":46,"column":11},"end":{"line":46,"column":41}},{"start":{"line":46,"column":47},"end":{"line":46,"column":62}},{"start":{"line":46,"column":68},"end":{"line":46,"column":82}}],"line":46},"4":{"loc":{"start":{"line":81,"column":6},"end":{"line":86,"column":7}},"type":"if","locations":[{"start":{"line":81,"column":6},"end":{"line":86,"column":7}},{"start":{},"end":{}}],"line":81},"5":{"loc":{"start":{"line":105,"column":6},"end":{"line":110,"column":7}},"type":"if","locations":[{"start":{"line":105,"column":6},"end":{"line":110,"column":7}},{"start":{},"end":{}}],"line":105},"6":{"loc":{"start":{"line":113,"column":6},"end":{"line":118,"column":7}},"type":"if","locations":[{"start":{"line":113,"column":6},"end":{"line":118,"column":7}},{"start":{},"end":{}}],"line":113},"7":{"loc":{"start":{"line":113,"column":10},"end":{"line":113,"column":137}},"type":"binary-expr","locations":[{"start":{"line":113,"column":11},"end":{"line":113,"column":30}},{"start":{"line":113,"column":37},"end":{"line":113,"column":76}},{"start":{"line":113,"column":82},"end":{"line":113,"column":106}},{"start":{"line":113,"column":112},"end":{"line":113,"column":135}}],"line":113},"8":{"loc":{"start":{"line":120,"column":6},"end":{"line":125,"column":7}},"type":"if","locations":[{"start":{"line":120,"column":6},"end":{"line":125,"column":7}},{"start":{},"end":{}}],"line":120},"9":{"loc":{"start":{"line":120,"column":10},"end":{"line":120,"column":77}},"type":"binary-expr","locations":[{"start":{"line":120,"column":11},"end":{"line":120,"column":30}},{"start":{"line":120,"column":36},"end":{"line":120,"column":76}}],"line":120},"10":{"loc":{"start":{"line":131,"column":6},"end":{"line":136,"column":7}},"type":"if","locations":[{"start":{"line":131,"column":6},"end":{"line":136,"column":7}},{"start":{},"end":{}}],"line":131}},"s":{"0":1,"1":1,"2":1,"3":1,"4":1,"5":0,"6":3,"7":3,"8":3,"9":3,"10":0,"11":3,"12":0,"13":3,"14":0,"15":3,"16":3,"17":2,"18":1,"19":1,"20":1,"21":1,"22":1,"23":0,"24":1,"25":0,"26":1,"27":1,"28":1,"29":0,"30":1,"31":0,"32":1,"33":0,"34":1,"35":1,"36":1,"37":0,"38":1,"39":1,"40":1,"41":0,"42":1,"43":1,"44":1,"45":1,"46":0,"47":1},"f":{"0":1,"1":3,"2":1,"3":1,"4":1},"b":{"0":[0,3],"1":[0,3],"2":[0,3],"3":[3,3,3],"4":[0,1],"5":[0,1],"6":[0,1],"7":[1,0,0,0],"8":[0,1],"9":[1,0],"10":[0,1]},"_coverageSchema":"1a1c01bbd47fc00a2c39e90264f33305004495a9","hash":"1859ac598d8606e9f365b9fce0570899ba03de86"}
,"/Users/vivek/Documents/git/end-to-end-testing-with-jest-2883169/controllers/UsersController.js": {"path":"/Users/vivek/Documents/git/end-to-end-testing-with-jest-2883169/controllers/UsersController.js","statementMap":{"0":{"start":{"line":1,"column":15},"end":{"line":1,"column":32}},"1":{"start":{"line":2,"column":12},"end":{"line":2,"column":35}},"2":{"start":{"line":4,"column":13},"end":{"line":4,"column":50}},"3":{"start":{"line":6,"column":31},"end":{"line":6,"column":116}},"4":{"start":{"line":8,"column":24},"end":{"line":54,"column":1}},"5":{"start":{"line":11,"column":4},"end":{"line":52,"column":5}},"6":{"start":{"line":12,"column":6},"end":{"line":17,"column":7}},"7":{"start":{"line":13,"column":8},"end":{"line":16,"column":11}},"8":{"start":{"line":19,"column":23},"end":{"line":19,"column":67}},"9":{"start":{"line":20,"column":6},"end":{"line":25,"column":7}},"10":{"start":{"line":21,"column":8},"end":{"line":24,"column":11}},"11":{"start":{"line":27,"column":30},"end":{"line":27,"column":88}},"12":{"start":{"line":28,"column":6},"end":{"line":33,"column":7}},"13":{"start":{"line":29,"column":8},"end":{"line":32,"column":11}},"14":{"start":{"line":35,"column":26},"end":{"line":39,"column":7}},"15":{"start":{"line":41,"column":26},"end":{"line":41,"column":49}},"16":{"start":{"line":42,"column":6},"end":{"line":46,"column":9}},"17":{"start":{"line":48,"column":6},"end":{"line":51,"column":9}},"18":{"start":{"line":56,"column":0},"end":{"line":56,"column":33}}},"fnMap":{"0":{"name":"generateToken","decl":{"start":{"line":6,"column":9},"end":{"line":6,"column":22}},"loc":{"start":{"line":6,"column":29},"end":{"line":6,"column":118}},"line":6},"1":{"name":"(anonymous_1)","decl":{"start":{"line":10,"column":9},"end":{"line":10,"column":10}},"loc":{"start":{"line":10,"column":29},"end":{"line":53,"column":3}},"line":10}},"branchMap":{"0":{"loc":{"start":{"line":12,"column":6},"end":{"line":17,"column":7}},"type":"if","locations":[{"start":{"line":12,"column":6},"end":{"line":17,"column":7}},{"start":{},"end":{}}],"line":12},"1":{"loc":{"start":{"line":12,"column":10},"end":{"line":12,"column":50}},"type":"binary-expr","locations":[{"start":{"line":12,"column":10},"end":{"line":12,"column":28}},{"start":{"line":12,"column":32},"end":{"line":12,"column":50}}],"line":12},"2":{"loc":{"start":{"line":20,"column":6},"end":{"line":25,"column":7}},"type":"if","locations":[{"start":{"line":20,"column":6},"end":{"line":25,"column":7}},{"start":{},"end":{}}],"line":20},"3":{"loc":{"start":{"line":28,"column":6},"end":{"line":33,"column":7}},"type":"if","locations":[{"start":{"line":28,"column":6},"end":{"line":33,"column":7}},{"start":{},"end":{}}],"line":28}},"s":{"0":1,"1":1,"2":1,"3":1,"4":1,"5":6,"6":6,"7":2,"8":4,"9":3,"10":1,"11":2,"12":2,"13":1,"14":1,"15":1,"16":1,"17":1,"18":1},"f":{"0":1,"1":6},"b":{"0":[2,4],"1":[6,5],"2":[1,2],"3":[1,1]},"_coverageSchema":"1a1c01bbd47fc00a2c39e90264f33305004495a9","hash":"27724bb520adff4d65adb5d3230d191341c79e1c"}
,"/Users/vivek/Documents/git/end-to-end-testing-with-jest-2883169/database/dbConection.js": {"path":"/Users/vivek/Documents/git/end-to-end-testing-with-jest-2883169/database/dbConection.js","statementMap":{"0":{"start":{"line":1,"column":17},"end":{"line":1,"column":36}},"1":{"start":{"line":2,"column":0},"end":{"line":2,"column":27}},"2":{"start":{"line":6,"column":0},"end":{"line":14,"column":1}},"3":{"start":{"line":7,"column":2},"end":{"line":13,"column":4}},"4":{"start":{"line":28,"column":0},"end":{"line":28,"column":26}}},"fnMap":{},"branchMap":{"0":{"loc":{"start":{"line":6,"column":0},"end":{"line":14,"column":1}},"type":"if","locations":[{"start":{"line":6,"column":0},"end":{"line":14,"column":1}},{"start":{},"end":{}}],"line":6}},"s":{"0":1,"1":1,"2":1,"3":0,"4":1},"f":{},"b":{"0":[0,1]},"_coverageSchema":"1a1c01bbd47fc00a2c39e90264f33305004495a9","hash":"38c2f5cefbec89e21f5acf20c759ea06b73416a0"}
,"/Users/vivek/Documents/git/end-to-end-testing-with-jest-2883169/database/models/recipes.js": {"path":"/Users/vivek/Documents/git/end-to-end-testing-with-jest-2883169/database/models/recipes.js","statementMap":{"0":{"start":{"line":1,"column":17},"end":{"line":1,"column":42}},"1":{"start":{"line":3,"column":19},"end":{"line":3,"column":27}},"2":{"start":{"line":5,"column":22},"end":{"line":25,"column":2}},"3":{"start":{"line":28,"column":0},"end":{"line":28,"column":41}},"4":{"start":{"line":31,"column":0},"end":{"line":31,"column":43}}},"fnMap":{},"branchMap":{},"s":{"0":1,"1":1,"2":1,"3":1,"4":1},"f":{},"b":{},"_coverageSchema":"1a1c01bbd47fc00a2c39e90264f33305004495a9","hash":"a0d3e166c9fc18b861d9e85324afe4fae8e1229a"}
,"/Users/vivek/Documents/git/end-to-end-testing-with-jest-2883169/database/models/users.js": {"path":"/Users/vivek/Documents/git/end-to-end-testing-with-jest-2883169/database/models/users.js","statementMap":{"0":{"start":{"line":1,"column":17},"end":{"line":1,"column":42}},"1":{"start":{"line":3,"column":19},"end":{"line":3,"column":27}},"2":{"start":{"line":5,"column":19},"end":{"line":15,"column":2}},"3":{"start":{"line":18,"column":0},"end":{"line":18,"column":36}},"4":{"start":{"line":21,"column":0},"end":{"line":21,"column":41}}},"fnMap":{},"branchMap":{},"s":{"0":1,"1":1,"2":1,"3":1,"4":1},"f":{},"b":{},"_coverageSchema":"1a1c01bbd47fc00a2c39e90264f33305004495a9","hash":"bcbf4fe98bb262b2c4fd54af49961af81cc29b18"}
,"/Users/vivek/Documents/git/end-to-end-testing-with-jest-2883169/database/services/recipes.js": {"path":"/Users/vivek/Documents/git/end-to-end-testing-with-jest-2883169/database/services/recipes.js","statementMap":{"0":{"start":{"line":1,"column":16},"end":{"line":1,"column":44}},"1":{"start":{"line":3,"column":21},"end":{"line":32,"column":1}},"2":{"start":{"line":6,"column":21},"end":{"line":6,"column":56}},"3":{"start":{"line":7,"column":4},"end":{"line":7,"column":20}},"4":{"start":{"line":11,"column":21},"end":{"line":11,"column":41}},"5":{"start":{"line":12,"column":4},"end":{"line":12,"column":20}},"6":{"start":{"line":16,"column":4},"end":{"line":20,"column":5}},"7":{"start":{"line":17,"column":23},"end":{"line":17,"column":49}},"8":{"start":{"line":18,"column":6},"end":{"line":18,"column":22}},"9":{"start":{"line":24,"column":21},"end":{"line":24,"column":96}},"10":{"start":{"line":25,"column":4},"end":{"line":25,"column":20}},"11":{"start":{"line":29,"column":21},"end":{"line":29,"column":56}},"12":{"start":{"line":30,"column":4},"end":{"line":30,"column":20}},"13":{"start":{"line":34,"column":0},"end":{"line":34,"column":30}}},"fnMap":{"0":{"name":"(anonymous_0)","decl":{"start":{"line":5,"column":15},"end":{"line":5,"column":16}},"loc":{"start":{"line":5,"column":40},"end":{"line":8,"column":3}},"line":5},"1":{"name":"(anonymous_1)","decl":{"start":{"line":10,"column":14},"end":{"line":10,"column":15}},"loc":{"start":{"line":10,"column":26},"end":{"line":13,"column":3}},"line":10},"2":{"name":"(anonymous_2)","decl":{"start":{"line":15,"column":13},"end":{"line":15,"column":14}},"loc":{"start":{"line":15,"column":27},"end":{"line":21,"column":3}},"line":15},"3":{"name":"(anonymous_3)","decl":{"start":{"line":23,"column":22},"end":{"line":23,"column":23}},"loc":{"start":{"line":23,"column":51},"end":{"line":26,"column":3}},"line":23},"4":{"name":"(anonymous_4)","decl":{"start":{"line":28,"column":22},"end":{"line":28,"column":23}},"loc":{"start":{"line":28,"column":36},"end":{"line":31,"column":3}},"line":28}},"branchMap":{},"s":{"0":1,"1":1,"2":3,"3":2,"4":1,"5":1,"6":2,"7":2,"8":2,"9":1,"10":1,"11":1,"12":1,"13":1},"f":{"0":3,"1":1,"2":2,"3":1,"4":1},"b":{},"_coverageSchema":"1a1c01bbd47fc00a2c39e90264f33305004495a9","hash":"b232e3a7972619048feb8878e8dc70a6c64a8b7a"}
,"/Users/vivek/Documents/git/end-to-end-testing-with-jest-2883169/database/services/users.js": {"path":"/Users/vivek/Documents/git/end-to-end-testing-with-jest-2883169/database/services/users.js","statementMap":{"0":{"start":{"line":1,"column":13},"end":{"line":1,"column":39}},"1":{"start":{"line":3,"column":18},"end":{"line":11,"column":1}},"2":{"start":{"line":5,"column":17},"end":{"line":5,"column":49}},"3":{"start":{"line":6,"column":4},"end":{"line":8,"column":5}},"4":{"start":{"line":7,"column":6},"end":{"line":7,"column":19}},"5":{"start":{"line":9,"column":4},"end":{"line":9,"column":16}},"6":{"start":{"line":13,"column":0},"end":{"line":13,"column":27}}},"fnMap":{"0":{"name":"(anonymous_0)","decl":{"start":{"line":4,"column":18},"end":{"line":4,"column":19}},"loc":{"start":{"line":4,"column":38},"end":{"line":10,"column":3}},"line":4}},"branchMap":{"0":{"loc":{"start":{"line":6,"column":4},"end":{"line":8,"column":5}},"type":"if","locations":[{"start":{"line":6,"column":4},"end":{"line":8,"column":5}},{"start":{},"end":{}}],"line":6}},"s":{"0":1,"1":1,"2":4,"3":3,"4":1,"5":2,"6":1},"f":{"0":4},"b":{"0":[1,2]},"_coverageSchema":"1a1c01bbd47fc00a2c39e90264f33305004495a9","hash":"810330458e94bb38a0d20b86948a1977aff43534"}
,"/Users/vivek/Documents/git/end-to-end-testing-with-jest-2883169/routes/authenticateToken.js": {"path":"/Users/vivek/Documents/git/end-to-end-testing-with-jest-2883169/routes/authenticateToken.js","statementMap":{"0":{"start":{"line":2,"column":12},"end":{"line":2,"column":35}},"1":{"start":{"line":5,"column":21},"end":{"line":5,"column":46}},"2":{"start":{"line":6,"column":16},"end":{"line":6,"column":54}},"3":{"start":{"line":8,"column":2},"end":{"line":16,"column":5}},"4":{"start":{"line":9,"column":4},"end":{"line":13,"column":5}},"5":{"start":{"line":10,"column":6},"end":{"line":12,"column":9}},"6":{"start":{"line":14,"column":4},"end":{"line":14,"column":22}},"7":{"start":{"line":15,"column":4},"end":{"line":15,"column":11}},"8":{"start":{"line":18,"column":0},"end":{"line":18,"column":35}}},"fnMap":{"0":{"name":"authenticateToken","decl":{"start":{"line":4,"column":9},"end":{"line":4,"column":26}},"loc":{"start":{"line":4,"column":43},"end":{"line":17,"column":1}},"line":4},"1":{"name":"(anonymous_1)","decl":{"start":{"line":8,"column":53},"end":{"line":8,"column":54}},"loc":{"start":{"line":8,"column":70},"end":{"line":16,"column":3}},"line":8}},"branchMap":{"0":{"loc":{"start":{"line":6,"column":16},"end":{"line":6,"column":54}},"type":"binary-expr","locations":[{"start":{"line":6,"column":16},"end":{"line":6,"column":26}},{"start":{"line":6,"column":30},"end":{"line":6,"column":54}}],"line":6},"1":{"loc":{"start":{"line":9,"column":4},"end":{"line":13,"column":5}},"type":"if","locations":[{"start":{"line":9,"column":4},"end":{"line":13,"column":5}},{"start":{},"end":{}}],"line":9}},"s":{"0":1,"1":5,"2":5,"3":5,"4":5,"5":0,"6":5,"7":5,"8":1},"f":{"0":5,"1":5},"b":{"0":[5,5],"1":[0,5]},"_coverageSchema":"1a1c01bbd47fc00a2c39e90264f33305004495a9","hash":"8ae94772f66e8c78b4a5766bdc954225d5c9f640"}
,"/Users/vivek/Documents/git/end-to-end-testing-with-jest-2883169/routes/index.js": {"path":"/Users/vivek/Documents/git/end-to-end-testing-with-jest-2883169/routes/index.js","statementMap":{"0":{"start":{"line":1,"column":16},"end":{"line":1,"column":34}},"1":{"start":{"line":3,"column":15},"end":{"line":3,"column":31}},"2":{"start":{"line":5,"column":26},"end":{"line":5,"column":56}},"3":{"start":{"line":6,"column":26},"end":{"line":6,"column":69}},"4":{"start":{"line":7,"column":23},"end":{"line":7,"column":64}},"5":{"start":{"line":10,"column":0},"end":{"line":10,"column":44}},"6":{"start":{"line":13,"column":0},"end":{"line":13,"column":69}},"7":{"start":{"line":14,"column":0},"end":{"line":14,"column":50}},"8":{"start":{"line":15,"column":0},"end":{"line":15,"column":53}},"9":{"start":{"line":16,"column":0},"end":{"line":16,"column":74}},"10":{"start":{"line":17,"column":0},"end":{"line":17,"column":75}},"11":{"start":{"line":19,"column":0},"end":{"line":19,"column":24}}},"fnMap":{},"branchMap":{},"s":{"0":1,"1":1,"2":1,"3":1,"4":1,"5":1,"6":1,"7":1,"8":1,"9":1,"10":1,"11":1},"f":{},"b":{},"_coverageSchema":"1a1c01bbd47fc00a2c39e90264f33305004495a9","hash":"daec92756386c852be01763e2174d035e0d2e1be"}
}
